[INFO] Scanning for projects...
[INFO] 
[INFO] -------------------------< com.fattah:Common >--------------------------
[INFO] Building Common 1.0-SNAPSHOT
[INFO]   from pom.xml
[INFO] --------------------------------[ jar ]---------------------------------
[INFO] 
[INFO] --- clean:3.2.0:clean (default-clean) @ Common ---
[INFO] Deleting E:\MyJavaProject\Online_Shop\Common\target
[INFO] 
[INFO] --- resources:3.3.1:resources (default-resources) @ Common ---
[INFO] Copying 0 resource from src\main\resources to target\classes
[INFO] 
[INFO] --- compiler:3.13.0:compile (default-compile) @ Common ---
[INFO] Recompiling the module because of changed source code.
[INFO] Compiling 3 source files with javac [debug target 22] to target\classes
[WARNING] location of system modules is not set in conjunction with -source 22
  not setting the location of system modules may lead to class files that cannot run on JDK 22
    --release 22 is recommended instead of -source 22 -target 22 because it sets the location of system modules automatically
[INFO] 
[INFO] --- resources:3.3.1:resources (default-resources) @ Common ---
[INFO] Copying 0 resource from src\main\resources to target\classes
[INFO] 
[INFO] --- compiler:3.13.0:compile (default-compile) @ Common ---
[INFO] Nothing to compile - all classes are up to date.
[INFO] 
[INFO] --- resources:3.3.1:testResources (default-testResources) @ Common ---
[INFO] skip non existing resourceDirectory E:\MyJavaProject\Online_Shop\Common\src\test\resources
[INFO] 
[INFO] --- compiler:3.13.0:testCompile (default-testCompile) @ Common ---
[INFO] Recompiling the module because of changed dependency.
[INFO] 
[INFO] --- surefire:3.2.5:test (default-test) @ Common ---
[INFO] 
[INFO] --- jar:3.4.1:jar (default-jar) @ Common ---
[INFO] Building jar: E:\MyJavaProject\Online_Shop\Common\target\Common-1.0-SNAPSHOT.jar
[INFO] 
[INFO] --- resources:3.3.1:resources (default-resources) @ Common ---
[INFO] Copying 0 resource from src\main\resources to target\classes
[INFO] 
[INFO] --- compiler:3.13.0:compile (default-compile) @ Common ---
[INFO] Nothing to compile - all classes are up to date.
[WARNING] Overwriting artifact's file from E:\MyJavaProject\Online_Shop\Common\target\Common-1.0-SNAPSHOT.jar to E:\MyJavaProject\Online_Shop\Common\target\classes
[INFO] 
[INFO] --- resources:3.3.1:testResources (default-testResources) @ Common ---
[INFO] skip non existing resourceDirectory E:\MyJavaProject\Online_Shop\Common\src\test\resources
[INFO] 
[INFO] --- compiler:3.13.0:testCompile (default-testCompile) @ Common ---
[INFO] Recompiling the module because of changed dependency.
[INFO] 
[INFO] --- surefire:3.2.5:test (default-test) @ Common ---
[INFO] Skipping execution of surefire because it has already been run for this configuration
[INFO] 
[INFO] --- jar:3.4.1:jar (default-jar) @ Common ---
[INFO] 
[INFO] --- install:3.1.2:install (default-install) @ Common ---
[INFO] Installing E:\MyJavaProject\Online_Shop\Common\pom.xml to C:\Users\Fattah\.m2\repository\com\fattah\Common\1.0-SNAPSHOT\Common-1.0-SNAPSHOT.pom
[INFO] Installing E:\MyJavaProject\Online_Shop\Common\target\Common-1.0-SNAPSHOT.jar to C:\Users\Fattah\.m2\repository\com\fattah\Common\1.0-SNAPSHOT\Common-1.0-SNAPSHOT.jar
[INFO] ------------------------------------------------------------------------
[INFO] BUILD SUCCESS
[INFO] ------------------------------------------------------------------------
[INFO] Total time:  ?.??? s
[INFO] Finished at: ????-??-??T??:??:??+03:30
[INFO] ------------------------------------------------------------------------
